# JRE version: OpenJDK Runtime Environment JBR-11.0.13.7-1751.21-jcef (11.0.13+7) (build 11.0.13+7-b1751.21)
# Java VM: OpenJDK 64-Bit Server VM JBR-11.0.13.7-1751.21-jcef (11.0.13+7-b1751.21, mixed mode, tiered, compressed oops, g1 gc, windows-amd64)
Heap:
 garbage-first heap   total 251904K, used 67541K [0x00000000a0000000, 0x0000000100000000)
  region size 1024K, 48 young (49152K), 6 survivors (6144K)
 Metaspace       used 38574K, capacity 39458K, committed 39632K, reserved 1083392K
  class space    used 4852K, capacity 5171K, committed 5248K, reserved 1048576K
GC Heap History (8 events):
Event: 0.814 GC heap before
{Heap before GC invocations=0 (full 0):
 garbage-first heap   total 251904K, used 29696K [0x00000000a0000000, 0x0000000100000000)
  region size 1024K, 24 young (24576K), 0 survivors (0K)
 Metaspace       used 10162K, capacity 10401K, committed 10624K, reserved 1058816K
  class space    used 1044K, capacity 1107K, committed 1152K, reserved 1048576K
}
Event: 0.819 GC heap after
{Heap after GC invocations=1 (full 0):
 garbage-first heap   total 251904K, used 9196K [0x00000000a0000000, 0x0000000100000000)
  region size 1024K, 3 young (3072K), 3 survivors (3072K)
 Metaspace       used 10162K, capacity 10401K, committed 10624K, reserved 1058816K
  class space    used 1044K, capacity 1107K, committed 1152K, reserved 1048576K
}
Event: 3.069 GC heap before
{Heap before GC invocations=1 (full 0):
 garbage-first heap   total 251904K, used 106476K [0x00000000a0000000, 0x0000000100000000)
  region size 1024K, 99 young (101376K), 3 survivors (3072K)
 Metaspace       used 20657K, capacity 21196K, committed 21296K, reserved 1069056K
  class space    used 2489K, capacity 2658K, committed 2688K, reserved 1048576K
}
Event: 3.077 GC heap after
{Heap after GC invocations=2 (full 0):
 garbage-first heap   total 251904K, used 16727K [0x00000000a0000000, 0x0000000100000000)
  region size 1024K, 11 young (11264K), 11 survivors (11264K)
 Metaspace       used 20657K, capacity 21196K, committed 21296K, reserved 1069056K
  class space    used 2489K, capacity 2658K, committed 2688K, reserved 1048576K
}
Event: 3.195 GC heap before
{Heap before GC invocations=3 (full 0):
 garbage-first heap   total 251904K, used 27991K [0x00000000a0000000, 0x0000000100000000)
  region size 1024K, 23 young (23552K), 11 survivors (11264K)
 Metaspace       used 21794K, capacity 22379K, committed 22576K, reserved 1069056K
  class space    used 2709K, capacity 2906K, committed 2944K, reserved 1048576K
}
Event: 3.201 GC heap after
{Heap after GC invocations=4 (full 0):
 garbage-first heap   total 251904K, used 17993K [0x00000000a0000000, 0x0000000100000000)
  region size 1024K, 1 young (1024K), 1 survivors (1024K)
 Metaspace       used 21794K, capacity 22379K, committed 22576K, reserved 1069056K
  class space    used 2709K, capacity 2906K, committed 2944K, reserved 1048576K
}
Event: 4.404 GC heap before
{Heap before GC invocations=4 (full 0):
 garbage-first heap   total 251904K, used 118345K [0x00000000a0000000, 0x0000000100000000)
  region size 1024K, 101 young (103424K), 1 survivors (1024K)
 Metaspace       used 34998K, capacity 35770K, committed 35920K, reserved 1081344K
  class space    used 4477K, capacity 4800K, committed 4864K, reserved 1048576K
}
Event: 4.412 GC heap after
{Heap after GC invocations=5 (full 0):
 garbage-first heap   total 251904K, used 22485K [0x00000000a0000000, 0x0000000100000000)
  region size 1024K, 6 young (6144K), 6 survivors (6144K)
 Metaspace       used 34998K, capacity 35770K, committed 35920K, reserved 1081344K
  class space    used 4477K, capacity 4800K, committed 4864K, reserved 1048576K
}

