# JRE version: OpenJDK Runtime Environment JBR-11.0.13.7-1751.21-jcef (11.0.13+7) (build 11.0.13+7-b1751.21)
# Java VM: OpenJDK 64-Bit Server VM JBR-11.0.13.7-1751.21-jcef (11.0.13+7-b1751.21, mixed mode, tiered, compressed oops, g1 gc, windows-amd64)
Heap:
 garbage-first heap   total 251904K, used 68323K [0x00000000a0000000, 0x0000000100000000)
  region size 1024K, 52 young (53248K), 1 survivors (1024K)
 Metaspace       used 26476K, capacity 27204K, committed 27440K, reserved 1073152K
  class space    used 3442K, capacity 3691K, committed 3712K, reserved 1048576K
GC Heap History (6 events):
Event: 0.777 GC heap before
{Heap before GC invocations=0 (full 0):
 garbage-first heap   total 251904K, used 29696K [0x00000000a0000000, 0x0000000100000000)
  region size 1024K, 24 young (24576K), 0 survivors (0K)
 Metaspace       used 10160K, capacity 10397K, committed 10624K, reserved 1058816K
  class space    used 1045K, capacity 1107K, committed 1152K, reserved 1048576K
}
Event: 0.781 GC heap after
{Heap after GC invocations=1 (full 0):
 garbage-first heap   total 251904K, used 9656K [0x00000000a0000000, 0x0000000100000000)
  region size 1024K, 3 young (3072K), 3 survivors (3072K)
 Metaspace       used 10160K, capacity 10397K, committed 10624K, reserved 1058816K
  class space    used 1045K, capacity 1107K, committed 1152K, reserved 1048576K
}
Event: 3.139 GC heap before
{Heap before GC invocations=1 (full 0):
 garbage-first heap   total 251904K, used 106936K [0x00000000a0000000, 0x0000000100000000)
  region size 1024K, 99 young (101376K), 3 survivors (3072K)
 Metaspace       used 20649K, capacity 21211K, committed 21296K, reserved 1069056K
  class space    used 2492K, capacity 2665K, committed 2688K, reserved 1048576K
}
Event: 3.147 GC heap after
{Heap after GC invocations=2 (full 0):
 garbage-first heap   total 251904K, used 16803K [0x00000000a0000000, 0x0000000100000000)
  region size 1024K, 10 young (10240K), 10 survivors (10240K)
 Metaspace       used 20649K, capacity 21211K, committed 21296K, reserved 1069056K
  class space    used 2492K, capacity 2665K, committed 2688K, reserved 1048576K
}
Event: 3.255 GC heap before
{Heap before GC invocations=3 (full 0):
 garbage-first heap   total 251904K, used 26019K [0x00000000a0000000, 0x0000000100000000)
  region size 1024K, 20 young (20480K), 10 survivors (10240K)
 Metaspace       used 21698K, capacity 22343K, committed 22576K, reserved 1069056K
  class space    used 2689K, capacity 2874K, committed 2944K, reserved 1048576K
}
Event: 3.260 GC heap after
{Heap after GC invocations=4 (full 0):
 garbage-first heap   total 251904K, used 17123K [0x00000000a0000000, 0x0000000100000000)
  region size 1024K, 1 young (1024K), 1 survivors (1024K)
 Metaspace       used 21698K, capacity 22343K, committed 22576K, reserved 1069056K
  class space    used 2689K, capacity 2874K, committed 2944K, reserved 1048576K
}

