# JRE version: OpenJDK Runtime Environment JBR-11.0.13.7-1751.21-jcef (11.0.13+7) (build 11.0.13+7-b1751.21)
# Java VM: OpenJDK 64-Bit Server VM JBR-11.0.13.7-1751.21-jcef (11.0.13+7-b1751.21, mixed mode, tiered, compressed oops, g1 gc, windows-amd64)
Heap:
 garbage-first heap   total 251904K, used 93537K [0x00000000a0000000, 0x0000000100000000)
  region size 1024K, 77 young (78848K), 2 survivors (2048K)
 Metaspace       used 34643K, capacity 35477K, committed 35760K, reserved 1081344K
  class space    used 4454K, capacity 4768K, committed 4864K, reserved 1048576K
GC Heap History (6 events):
Event: 0.769 GC heap before
{Heap before GC invocations=0 (full 0):
 garbage-first heap   total 251904K, used 29696K [0x00000000a0000000, 0x0000000100000000)
  region size 1024K, 24 young (24576K), 0 survivors (0K)
 Metaspace       used 10136K, capacity 10395K, committed 10624K, reserved 1058816K
  class space    used 1041K, capacity 1106K, committed 1152K, reserved 1048576K
}
Event: 0.773 GC heap after
{Heap after GC invocations=1 (full 0):
 garbage-first heap   total 251904K, used 9285K [0x00000000a0000000, 0x0000000100000000)
  region size 1024K, 3 young (3072K), 3 survivors (3072K)
 Metaspace       used 10136K, capacity 10395K, committed 10624K, reserved 1058816K
  class space    used 1041K, capacity 1106K, committed 1152K, reserved 1048576K
}
Event: 3.178 GC heap before
{Heap before GC invocations=1 (full 0):
 garbage-first heap   total 251904K, used 106565K [0x00000000a0000000, 0x0000000100000000)
  region size 1024K, 99 young (101376K), 3 survivors (3072K)
 Metaspace       used 20657K, capacity 21192K, committed 21296K, reserved 1069056K
  class space    used 2487K, capacity 2658K, committed 2688K, reserved 1048576K
}
Event: 3.187 GC heap after
{Heap after GC invocations=2 (full 0):
 garbage-first heap   total 251904K, used 16723K [0x00000000a0000000, 0x0000000100000000)
  region size 1024K, 11 young (11264K), 11 survivors (11264K)
 Metaspace       used 20657K, capacity 21192K, committed 21296K, reserved 1069056K
  class space    used 2487K, capacity 2658K, committed 2688K, reserved 1048576K
}
Event: 3.575 GC heap before
{Heap before GC invocations=3 (full 0):
 garbage-first heap   total 251904K, used 51539K [0x00000000a0000000, 0x0000000100000000)
  region size 1024K, 46 young (47104K), 11 survivors (11264K)
 Metaspace       used 24028K, capacity 24734K, committed 25008K, reserved 1071104K
  class space    used 3039K, capacity 3289K, committed 3328K, reserved 1048576K
}
Event: 3.581 GC heap after
{Heap after GC invocations=4 (full 0):
 garbage-first heap   total 251904K, used 17761K [0x00000000a0000000, 0x0000000100000000)
  region size 1024K, 2 young (2048K), 2 survivors (2048K)
 Metaspace       used 24028K, capacity 24734K, committed 25008K, reserved 1071104K
  class space    used 3039K, capacity 3289K, committed 3328K, reserved 1048576K
}

