# JRE version: OpenJDK Runtime Environment JBR-11.0.13.7-1751.21-jcef (11.0.13+7) (build 11.0.13+7-b1751.21)
# Java VM: OpenJDK 64-Bit Server VM JBR-11.0.13.7-1751.21-jcef (11.0.13+7-b1751.21, mixed mode, tiered, compressed oops, g1 gc, windows-amd64)
Heap:
 garbage-first heap   total 251904K, used 132018K [0x00000000a0000000, 0x0000000100000000)
  region size 1024K, 87 young (89088K), 3 survivors (3072K)
 Metaspace       used 64625K, capacity 66419K, committed 66440K, reserved 1107968K
  class space    used 8145K, capacity 8831K, committed 8832K, reserved 1048576K
GC Heap History (16 events):
Event: 0.684 GC heap before
{Heap before GC invocations=0 (full 0):
 garbage-first heap   total 251904K, used 29696K [0x00000000a0000000, 0x0000000100000000)
  region size 1024K, 24 young (24576K), 0 survivors (0K)
 Metaspace       used 10156K, capacity 10393K, committed 10624K, reserved 1058816K
  class space    used 1044K, capacity 1107K, committed 1152K, reserved 1048576K
}
Event: 0.689 GC heap after
{Heap after GC invocations=1 (full 0):
 garbage-first heap   total 251904K, used 9486K [0x00000000a0000000, 0x0000000100000000)
  region size 1024K, 3 young (3072K), 3 survivors (3072K)
 Metaspace       used 10156K, capacity 10393K, committed 10624K, reserved 1058816K
  class space    used 1044K, capacity 1107K, committed 1152K, reserved 1048576K
}
Event: 2.928 GC heap before
{Heap before GC invocations=1 (full 0):
 garbage-first heap   total 251904K, used 106766K [0x00000000a0000000, 0x0000000100000000)
  region size 1024K, 99 young (101376K), 3 survivors (3072K)
 Metaspace       used 20649K, capacity 21207K, committed 21296K, reserved 1069056K
  class space    used 2493K, capacity 2665K, committed 2688K, reserved 1048576K
}
Event: 2.936 GC heap after
{Heap after GC invocations=2 (full 0):
 garbage-first heap   total 251904K, used 16450K [0x00000000a0000000, 0x0000000100000000)
  region size 1024K, 10 young (10240K), 10 survivors (10240K)
 Metaspace       used 20649K, capacity 21207K, committed 21296K, reserved 1069056K
  class space    used 2493K, capacity 2665K, committed 2688K, reserved 1048576K
}
Event: 3.198 GC heap before
{Heap before GC invocations=3 (full 0):
 garbage-first heap   total 251904K, used 43074K [0x00000000a0000000, 0x0000000100000000)
  region size 1024K, 37 young (37888K), 10 survivors (10240K)
 Metaspace       used 23356K, capacity 23957K, committed 24112K, reserved 1071104K
  class space    used 2931K, capacity 3159K, committed 3200K, reserved 1048576K
}
Event: 3.205 GC heap after
{Heap after GC invocations=4 (full 0):
 garbage-first heap   total 251904K, used 17623K [0x00000000a0000000, 0x0000000100000000)
  region size 1024K, 2 young (2048K), 2 survivors (2048K)
 Metaspace       used 23356K, capacity 23957K, committed 24112K, reserved 1071104K
  class space    used 2931K, capacity 3159K, committed 3200K, reserved 1048576K
}
Event: 5.454 GC heap before
{Heap before GC invocations=4 (full 0):
 garbage-first heap   total 251904K, used 100567K [0x00000000a0000000, 0x0000000100000000)
  region size 1024K, 83 young (84992K), 2 survivors (2048K)
 Metaspace       used 34540K, capacity 35346K, committed 35504K, reserved 1079296K
  class space    used 4445K, capacity 4768K, committed 4864K, reserved 1048576K
}
Event: 5.459 GC heap after
{Heap after GC invocations=5 (full 0):
 garbage-first heap   total 251904K, used 21677K [0x00000000a0000000, 0x0000000100000000)
  region size 1024K, 6 young (6144K), 6 survivors (6144K)
 Metaspace       used 34540K, capacity 35346K, committed 35504K, reserved 1079296K
  class space    used 4445K, capacity 4768K, committed 4864K, reserved 1048576K
}
Event: 5.491 GC heap before
{Heap before GC invocations=5 (full 0):
 garbage-first heap   total 251904K, used 22701K [0x00000000a0000000, 0x0000000100000000)
  region size 1024K, 8 young (8192K), 6 survivors (6144K)
 Metaspace       used 34972K, capacity 35730K, committed 35920K, reserved 1081344K
  class space    used 4470K, capacity 4768K, committed 4864K, reserved 1048576K
}
Event: 5.497 GC heap after
{Heap after GC invocations=6 (full 0):
 garbage-first heap   total 251904K, used 22032K [0x00000000a0000000, 0x0000000100000000)
  region size 1024K, 6 young (6144K), 6 survivors (6144K)
 Metaspace       used 34972K, capacity 35730K, committed 35920K, reserved 1081344K
  class space    used 4470K, capacity 4768K, committed 4864K, reserved 1048576K
}
Event: 7.091 GC heap before
{Heap before GC invocations=7 (full 0):
 garbage-first heap   total 251904K, used 145936K [0x00000000a0000000, 0x0000000100000000)
  region size 1024K, 124 young (126976K), 6 survivors (6144K)
 Metaspace       used 44626K, capacity 45721K, committed 45904K, reserved 1089536K
  class space    used 5652K, capacity 6107K, committed 6144K, reserved 1048576K
}
Event: 7.101 GC heap after
{Heap after GC invocations=8 (full 0):
 garbage-first heap   total 251904K, used 29021K [0x00000000a0000000, 0x0000000100000000)
  region size 1024K, 13 young (13312K), 13 survivors (13312K)
 Metaspace       used 44626K, capacity 45721K, committed 45904K, reserved 1089536K
  class space    used 5652K, capacity 6107K, committed 6144K, reserved 1048576K
}
Event: 9.742 GC heap before
{Heap before GC invocations=8 (full 0):
 garbage-first heap   total 251904K, used 165213K [0x00000000a0000000, 0x0000000100000000)
  region size 1024K, 142 young (145408K), 13 survivors (13312K)
 Metaspace       used 57511K, capacity 59113K, committed 59472K, reserved 1101824K
  class space    used 7226K, capacity 7817K, committed 7936K, reserved 1048576K
}
Event: 9.759 GC heap after
{Heap after GC invocations=9 (full 0):
 garbage-first heap   total 251904K, used 43929K [0x00000000a0000000, 0x0000000100000000)
  region size 1024K, 18 young (18432K), 18 survivors (18432K)
 Metaspace       used 57511K, capacity 59113K, committed 59472K, reserved 1101824K
  class space    used 7226K, capacity 7817K, committed 7936K, reserved 1048576K
}
Event: 9.912 GC heap before
{Heap before GC invocations=9 (full 0):
 garbage-first heap   total 251904K, used 51097K [0x00000000a0000000, 0x0000000100000000)
  region size 1024K, 26 young (26624K), 18 survivors (18432K)
 Metaspace       used 58511K, capacity 60162K, committed 60296K, reserved 1101824K
  class space    used 7343K, capacity 7996K, committed 8064K, reserved 1048576K
}
Event: 9.928 GC heap after
{Heap after GC invocations=10 (full 0):
 garbage-first heap   total 251904K, used 47026K [0x00000000a0000000, 0x0000000100000000)
  region size 1024K, 3 young (3072K), 3 survivors (3072K)
 Metaspace       used 58511K, capacity 60162K, committed 60296K, reserved 1101824K
  class space    used 7343K, capacity 7996K, committed 8064K, reserved 1048576K
}

